============================= test session starts =============================
platform win32 -- Python 3.14.3, pytest-8.3.2, pluggy-1.6.0 -- C:\Users\HP\AppData\Local\Programs\Python\Python314\python.exe
cachedir: .pytest_cache
rootdir: C:\Users\HP\Desktop\Password Manager\securevault
plugins: anyio-4.14.2
collecting ... collected 103 items

tests/test_auth.py::TestIsInitialised::test_false_when_no_file PASSED    [  0%]
tests/test_auth.py::TestIsInitialised::test_true_after_setup PASSED      [  1%]
tests/test_auth.py::TestIsInitialised::test_false_on_empty_file PASSED   [  2%]
tests/test_auth.py::TestIsInitialised::test_false_on_invalid_json PASSED [  3%]
tests/test_auth.py::TestSetup::test_setup_creates_auth_file PASSED       [  4%]
tests/test_auth.py::TestSetup::test_auth_file_contains_required_keys PASSED [  5%]
tests/test_auth.py::TestSetup::test_password_not_stored_in_plaintext PASSED [  6%]
tests/test_auth.py::TestSetup::test_rejects_weak_password_too_short PASSED [  7%]
tests/test_auth.py::TestSetup::test_rejects_no_uppercase PASSED          [  8%]
tests/test_auth.py::TestSetup::test_rejects_no_lowercase PASSED          [  9%]
tests/test_auth.py::TestSetup::test_rejects_no_digit PASSED              [ 10%]
tests/test_auth.py::TestSetup::test_rejects_no_special PASSED            [ 11%]
tests/test_auth.py::TestSetup::test_two_setups_produce_different_salts PASSED [ 12%]
tests/test_auth.py::TestVerify::test_correct_password_returns_true PASSED [ 13%]
tests/test_auth.py::TestVerify::test_wrong_password_returns_false PASSED [ 14%]
tests/test_auth.py::TestVerify::test_empty_password_returns_false PASSED [ 15%]
tests/test_auth.py::TestVerify::test_partial_password_returns_false PASSED [ 16%]
tests/test_auth.py::TestVerify::test_verify_raises_if_not_initialised PASSED [ 17%]
tests/test_auth.py::TestGetEncSalt::test_returns_bytes PASSED            [ 18%]
tests/test_auth.py::TestGetEncSalt::test_raises_if_not_initialised PASSED [ 19%]
tests/test_encryption.py::TestGenerateSalt::test_returns_bytes PASSED    [ 20%]
tests/test_encryption.py::TestGenerateSalt::test_correct_length PASSED   [ 21%]
tests/test_encryption.py::TestGenerateSalt::test_unique_each_call PASSED [ 22%]
tests/test_encryption.py::TestDeriveKey::test_returns_bytes_of_length_32 PASSED [ 23%]
tests/test_encryption.py::TestDeriveKey::test_deterministic_with_same_inputs PASSED [ 24%]
tests/test_encryption.py::TestDeriveKey::test_different_password_gives_different_key PASSED [ 25%]
tests/test_encryption.py::TestDeriveKey::test_different_salt_gives_different_key PASSED [ 26%]
tests/test_encryption.py::TestDeriveKey::test_key_is_not_equal_to_password_bytes PASSED [ 27%]
tests/test_encryption.py::TestInitialise::test_is_ready_after_initialise PASSED [ 28%]
tests/test_encryption.py::TestInitialise::test_not_ready_before_initialise PASSED [ 29%]
tests/test_encryption.py::TestInitialise::test_not_ready_after_clear PASSED [ 30%]
tests/test_encryption.py::TestEncrypt::test_encrypt_returns_string PASSED [ 31%]
tests/test_encryption.py::TestEncrypt::test_ciphertext_differs_from_plaintext PASSED [ 32%]
tests/test_encryption.py::TestEncrypt::test_encrypt_twice_gives_different_tokens PASSED [ 33%]
tests/test_encryption.py::TestEncrypt::test_encrypt_raises_if_not_initialised PASSED [ 33%]
tests/test_encryption.py::TestEncrypt::test_plaintext_not_present_in_ciphertext PASSED [ 34%]
tests/test_encryption.py::TestDecrypt::test_decrypt_returns_original_plaintext PASSED [ 35%]
tests/test_encryption.py::TestDecrypt::test_decrypt_raises_on_invalid_token PASSED [ 36%]
tests/test_encryption.py::TestDecrypt::test_decrypt_raises_with_wrong_key PASSED [ 37%]
tests/test_encryption.py::TestDecrypt::test_decrypt_raises_if_not_initialised PASSED [ 38%]
tests/test_encryption.py::TestDecrypt::test_roundtrip_unicode PASSED     [ 39%]
tests/test_encryption.py::TestDecrypt::test_roundtrip_empty_string PASSED [ 40%]
tests/test_password_generator.py::TestGenerate::test_returns_string PASSED [ 41%]
tests/test_password_generator.py::TestGenerate::test_correct_default_length PASSED [ 42%]
tests/test_password_generator.py::TestGenerate::test_custom_length PASSED [ 43%]
tests/test_password_generator.py::TestGenerate::test_length_clamped_to_minimum PASSED [ 44%]
tests/test_password_generator.py::TestGenerate::test_length_clamped_to_maximum PASSED [ 45%]
tests/test_password_generator.py::TestGenerate::test_contains_uppercase PASSED [ 46%]
tests/test_password_generator.py::TestGenerate::test_contains_lowercase PASSED [ 47%]
tests/test_password_generator.py::TestGenerate::test_contains_digit PASSED [ 48%]
tests/test_password_generator.py::TestGenerate::test_contains_special_character PASSED [ 49%]
tests/test_password_generator.py::TestGenerate::test_generates_different_passwords PASSED [ 50%]
tests/test_password_generator.py::TestGenerate::test_characters_from_expected_alphabet PASSED [ 51%]
tests/test_password_generator.py::TestValidateStrength::test_valid_strong_password PASSED [ 52%]
tests/test_password_generator.py::TestValidateStrength::test_too_short PASSED [ 53%]
tests/test_password_generator.py::TestValidateStrength::test_no_uppercase PASSED [ 54%]
tests/test_password_generator.py::TestValidateStrength::test_no_lowercase PASSED [ 55%]
tests/test_password_generator.py::TestValidateStrength::test_no_digit PASSED [ 56%]
tests/test_password_generator.py::TestValidateStrength::test_no_special PASSED [ 57%]
tests/test_password_generator.py::TestValidateStrength::test_multiple_failures_reported PASSED [ 58%]
tests/test_password_generator.py::TestValidateStrength::test_generated_password_passes_validation PASSED [ 59%]
tests/test_session.py::TestStartEnd::test_active_after_start PASSED      [ 60%]
tests/test_session.py::TestStartEnd::test_expired_after_end PASSED       [ 61%]
tests/test_session.py::TestStartEnd::test_not_ready_before_start PASSED  [ 62%]
tests/test_session.py::TestStartEnd::test_can_restart_after_end PASSED   [ 63%]
tests/test_session.py::TestReset::test_reset_prevents_expiry PASSED      [ 64%]
tests/test_session.py::TestReset::test_reset_updates_last_activity PASSED [ 65%]
tests/test_session.py::TestTimeout::test_session_expires_after_timeout PASSED [ 66%]
tests/test_session.py::TestTimeout::test_active_session_does_not_expire_early PASSED [ 66%]
tests/test_session.py::TestTimeout::test_five_minute_session_not_expired_immediately PASSED [ 67%]
tests/test_session.py::TestSecondsRemaining::test_full_remaining_at_start PASSED [ 68%]
tests/test_session.py::TestSecondsRemaining::test_remaining_decreases_over_time PASSED [ 69%]
tests/test_session.py::TestSecondsRemaining::test_remaining_is_zero_after_expiry PASSED [ 70%]
tests/test_session.py::TestSecondsRemaining::test_remaining_is_zero_after_end PASSED [ 71%]
tests/test_storage.py::TestLoad::test_returns_empty_vault_when_no_file PASSED [ 72%]
tests/test_storage.py::TestLoad::test_returns_empty_vault_on_empty_file PASSED [ 73%]
tests/test_storage.py::TestLoad::test_raises_on_invalid_json PASSED      [ 74%]
tests/test_storage.py::TestLoad::test_handles_missing_entries_key PASSED [ 75%]
tests/test_storage.py::TestAddEntry::test_returns_entry_dict PASSED      [ 76%]
tests/test_storage.py::TestAddEntry::test_password_stored_as_provided PASSED [ 77%]
tests/test_storage.py::TestAddEntry::test_entry_persisted_to_file PASSED [ 78%]
tests/test_storage.py::TestAddEntry::test_multiple_entries_all_saved PASSED [ 79%]
tests/test_storage.py::TestAddEntry::test_each_entry_has_unique_id PASSED [ 80%]
tests/test_storage.py::TestAddEntry::test_raises_on_empty_website PASSED [ 81%]
tests/test_storage.py::TestAddEntry::test_raises_on_empty_username PASSED [ 82%]
tests/test_storage.py::TestAddEntry::test_raises_on_empty_password PASSED [ 83%]
tests/test_storage.py::TestSearchEntries::test_exact_match PASSED        [ 84%]
tests/test_storage.py::TestSearchEntries::test_partial_match PASSED      [ 85%]
tests/test_storage.py::TestSearchEntries::test_case_insensitive PASSED   [ 86%]
tests/test_storage.py::TestSearchEntries::test_no_match_returns_empty_list PASSED [ 87%]
tests/test_storage.py::TestSearchEntries::test_multiple_matches PASSED   [ 88%]
tests/test_storage.py::TestGetAllEntries::test_empty_when_no_entries PASSED [ 89%]
tests/test_storage.py::TestGetAllEntries::test_returns_all_entries PASSED [ 90%]
tests/test_storage.py::TestGetEntryById::test_returns_correct_entry PASSED [ 91%]
tests/test_storage.py::TestGetEntryById::test_returns_none_for_unknown_id PASSED [ 92%]
tests/test_storage.py::TestUpdateEntry::test_update_username PASSED      [ 93%]
tests/test_storage.py::TestUpdateEntry::test_update_password PASSED      [ 94%]
tests/test_storage.py::TestUpdateEntry::test_updated_at_changes PASSED   [ 95%]
tests/test_storage.py::TestUpdateEntry::test_returns_false_for_unknown_id PASSED [ 96%]
tests/test_storage.py::TestDeleteEntry::test_delete_removes_entry PASSED [ 97%]
tests/test_storage.py::TestDeleteEntry::test_vault_empty_after_delete PASSED [ 98%]
tests/test_storage.py::TestDeleteEntry::test_returns_false_for_unknown_id PASSED [ 99%]
tests/test_storage.py::TestDeleteEntry::test_delete_only_target_entry PASSED [100%]

============================= 103 passed in 7.82s =============================
